2022-01-11 20:40:43,711 [nioEventLoopGroup-3-1] Channel Active:bf36b353 - 
2022-01-11 20:40:43,723 [nioEventLoopGroup-3-1] sendAuthencationPackage :bf36b353 - 
2022-01-11 20:40:43,727 [nioEventLoopGroup-3-1] Now handler Login Request.net.jplugin.extension.dbp.core.req.AuthRequest@55847053 - 
2022-01-11 20:40:43,728 [nioEventLoopGroup-3-1] Now handler Command.SQL:select @@version_comment limit 1  CommandType=3 DB=aaa - 
2022-01-11 20:40:50,321 [nioEventLoopGroup-3-1] Now handler Command.SQL:select * from a  CommandType=3 DB=aaa - 
2022-01-11 20:40:59,228 [nioEventLoopGroup-3-1] Now handler Command.SQL:SELECT DATABASE()  CommandType=3 DB=aaa - 
2022-01-11 20:40:59,229 [nioEventLoopGroup-3-1] Now handler Command.SQL:a  CommandType=2 DB=aaa - 
2022-01-11 20:41:01,470 [nioEventLoopGroup-3-1] Now handler Command.SQL:sue ba  CommandType=3 DB=a - 
2022-01-11 20:41:03,458 [nioEventLoopGroup-3-1] Now handler Command.SQL:SELECT DATABASE()  CommandType=3 DB=a - 
2022-01-11 20:41:03,460 [nioEventLoopGroup-3-1] Now handler Command.SQL:ba  CommandType=2 DB=a - 
2022-01-11 20:41:05,752 [nioEventLoopGroup-3-1] Now handler Command.SQL:SELECT DATABASE()  CommandType=3 DB=ba - 
2022-01-11 20:41:05,754 [nioEventLoopGroup-3-1] Now handler Command.SQL:c  CommandType=2 DB=ba - 
2022-01-11 20:41:14,669 [nioEventLoopGroup-3-1] Now handler Command.SQL:select "a"  CommandType=3 DB=c - 
2022-01-11 20:41:59,869 [nioEventLoopGroup-3-1] Channel Active:a8c1dbf1 - 
2022-01-11 20:41:59,882 [nioEventLoopGroup-3-1] sendAuthencationPackage :a8c1dbf1 - 
2022-01-11 20:41:59,887 [nioEventLoopGroup-3-1] Now handler Login Request.net.jplugin.extension.dbp.core.req.AuthRequest@65d88ab3 - 
2022-01-11 20:41:59,888 [nioEventLoopGroup-3-1] Now handler Command.SQL:select @@version_comment limit 1  CommandType=3 DB=aaa - 
2022-01-11 20:42:03,630 [nioEventLoopGroup-3-1] Now handler Command.SQL:select "asdf"  CommandType=3 DB=aaa - 
2022-01-11 20:47:16,158 [nioEventLoopGroup-3-1] Channel Active:25a57079 - 
2022-01-11 20:47:16,171 [nioEventLoopGroup-3-1] sendAuthencationPackage :25a57079 - 
2022-01-11 20:47:16,175 [nioEventLoopGroup-3-1] Now handler Login Request.net.jplugin.extension.dbp.core.req.AuthRequest@63062553 - 
2022-01-11 20:47:16,176 [nioEventLoopGroup-3-1] Now handler Command.SQL:select @@version_comment limit 1  CommandType=3 DB=aaa - 
2022-01-11 20:47:30,479 [nioEventLoopGroup-3-1] Now handler Command.SQL:select * from mysql.tabs  CommandType=3 DB=aaa - 
2022-01-11 20:47:41,836 [nioEventLoopGroup-3-1] Now handler Command.SQL:select * from mysql.cols  CommandType=3 DB=aaa - 
2022-01-11 20:47:47,161 [nioEventLoopGroup-3-1] Now handler Command.SQL:select * from mysql.columns  CommandType=3 DB=aaa - 
2022-01-11 20:47:57,180 [nioEventLoopGroup-3-1] Now handler Command.SQL:select * from mysql.user  CommandType=3 DB=aaa - 
